SF:lib/datasources/cnpj_datasources.dart
DA:12,1
DA:14,0
DA:17,0
DA:18,0
DA:19,0
DA:20,0
DA:21,0
DA:23,0
LF:8
LH:1
end_of_record
SF:lib/errors/datasource_exception.dart
DA:4,0
LF:1
LH:0
end_of_record
SF:lib/models/company_model.dart
DA:27,1
DA:57,0
LF:2
LH:1
end_of_record
SF:lib/repositories/i_search_cnpj_repository.dart
DA:9,1
DA:11,0
DA:12,0
DA:14,0
LF:4
LH:1
end_of_record
SF:lib/adapter/company_adapter.dart
DA:4,0
DA:5,0
DA:6,0
DA:7,0
DA:8,0
DA:9,0
DA:10,0
DA:11,0
DA:12,0
DA:13,0
DA:14,0
DA:15,0
DA:16,0
DA:17,0
DA:18,0
DA:19,0
DA:20,0
DA:21,0
DA:22,0
DA:23,0
DA:24,0
DA:25,0
DA:26,0
DA:27,0
DA:28,0
DA:34,0
DA:39,0
DA:40,0
DA:41,0
DA:42,0
LF:30
LH:0
end_of_record
