SF:lib/app/views/pages/splash_screen.dart
DA:4,1
DA:6,1
DA:7,1
DA:11,1
DA:13,1
DA:16,1
DA:18,1
DA:20,1
DA:22,1
DA:23,1
LF:10
LH:10
end_of_record
SF:lib/app/datasources/cnpj_datasources.dart
DA:11,1
DA:13,1
DA:17,3
DA:18,1
DA:19,1
DA:20,3
DA:21,1
DA:23,1
LF:8
LH:8
end_of_record
SF:lib/app/exceptions/result_exceptions.dart
DA:10,1
LF:1
LH:1
end_of_record
SF:lib/app/models/company_model.dart
DA:27,1
DA:57,1
LF:2
LH:2
end_of_record
SF:lib/app/repositories/i_search_cnpj_repository.dart
DA:10,1
DA:12,1
DA:14,2
DA:15,1
DA:17,1
DA:18,2
LF:6
LH:6
end_of_record
SF:lib/app/states/cnpj_search_state.dart
DA:12,1
DA:18,1
LF:2
LH:2
end_of_record
SF:lib/app/stores/cnpj_store.dart
DA:10,3
DA:12,1
DA:13,2
DA:16,2
DA:17,2
DA:18,1
DA:19,3
DA:23,1
DA:24,2
LF:9
LH:9
end_of_record
SF:lib/app/adapter/company_adapter.dart
DA:4,1
DA:5,1
DA:6,1
DA:7,1
DA:8,1
DA:9,1
DA:10,1
DA:11,1
DA:12,1
DA:13,1
DA:14,1
DA:15,1
DA:16,1
DA:17,1
DA:18,1
DA:19,1
DA:20,1
DA:21,1
DA:22,1
DA:23,1
DA:24,1
DA:25,1
DA:26,1
DA:27,1
DA:28,2
DA:34,1
DA:39,1
DA:40,1
DA:41,1
DA:42,1
LF:30
LH:30
end_of_record
